<?xml version="1.0" encoding="UTF-8"?>
<!-- Generated by org.testng.reporters.JUnitXMLReporter -->
<testsuite ignored="0" hostname="Narendra" failures="0" tests="8" name="Master Test" time="50.764" errors="0" timestamp="2026-06-13T17:45:00 IST">
  <testcase classname="testCases.TC001_AccountRegistrationTest" name="verify_account_registration" time="4.658"/>
  <testcase classname="testCases.TC002_LoginTest" name="verify_login" time="2.904"/>
  <testcase classname="testCases.TC004_SearchTest" name="verify_Search" time="0.874"/>
  <testcase classname="testCases.TC005_SearchInvalidProductTest" name="verify_InvalidSearch" time="0.74"/>
  <testcase classname="testCases.TC006_AddToCartTest" name="verify_AddToCart" time="1.942"/>
  <testcase classname="testCases.TC007_RemoveFromCartTest" name="verify_RemoveFromCart" time="2.916"/>
  <testcase classname="testCases.TC008_LogoutTest" name="verify_Logout" time="4.277"/>
  <testcase classname="testCases.TC009_AddToWishListTest" name="verify_AddToWishList" time="4.82"/>
</testsuite> <!-- Master Test -->
