<?xml version="1.0" encoding="UTF-8"?>
<testng-results ignored="0" total="8" passed="8" failed="0" skipped="0">
  <reporter-output>
  </reporter-output>
  <suite started-at="2026-06-13T17:44:05 IST" name="Suite" finished-at="2026-06-13T17:44:56 IST" duration-ms="50764">
    <groups>
      <group name="Master">
        <method signature="TC001_AccountRegistrationTest.verify_account_registration()[pri:0, instance:testCases.TC001_AccountRegistrationTest@6bca7e0d]" name="verify_account_registration" class="testCases.TC001_AccountRegistrationTest"/>
        <method signature="TC002_LoginTest.verify_login()[pri:0, instance:testCases.TC002_LoginTest@68b32e3e]" name="verify_login" class="testCases.TC002_LoginTest"/>
      </group> <!-- Master -->
      <group name="Sanity">
        <method signature="TC002_LoginTest.verify_login()[pri:0, instance:testCases.TC002_LoginTest@68b32e3e]" name="verify_login" class="testCases.TC002_LoginTest"/>
      </group> <!-- Sanity -->
      <group name="Regression">
        <method signature="TC001_AccountRegistrationTest.verify_account_registration()[pri:0, instance:testCases.TC001_AccountRegistrationTest@6bca7e0d]" name="verify_account_registration" class="testCases.TC001_AccountRegistrationTest"/>
      </group> <!-- Regression -->
    </groups>
    <test started-at="2026-06-13T17:44:05 IST" name="Master Test" finished-at="2026-06-13T17:44:56 IST" duration-ms="50764">
      <class name="testCases.TC004_SearchTest">
        <test-method is-config="true" signature="setup(java.lang.String,java.lang.String)[pri:0, instance:testCases.TC004_SearchTest@bcef303]" started-at="2026-06-13T17:44:21 IST" name="setup" finished-at="2026-06-13T17:44:24 IST" duration-ms="2607" status="PASS">
          <params>
            <param index="0">
              <value>
                <![CDATA[Windows]]>
              </value>
            </param>
            <param index="1">
              <value>
                <![CDATA[chrome]]>
              </value>
            </param>
          </params>
          <reporter-output>
          </reporter-output>
        </test-method> <!-- setup -->
        <test-method signature="verify_Search()[pri:0, instance:testCases.TC004_SearchTest@bcef303]" started-at="2026-06-13T17:44:24 IST" name="verify_Search" finished-at="2026-06-13T17:44:25 IST" duration-ms="874" status="PASS">
          <reporter-output>
          </reporter-output>
        </test-method> <!-- verify_Search -->
        <test-method is-config="true" signature="teardown()[pri:0, instance:testCases.TC004_SearchTest@bcef303]" started-at="2026-06-13T17:44:25 IST" name="teardown" finished-at="2026-06-13T17:44:25 IST" duration-ms="513" status="PASS">
          <reporter-output>
          </reporter-output>
        </test-method> <!-- teardown -->
      </class> <!-- testCases.TC004_SearchTest -->
      <class name="testCases.TC002_LoginTest">
        <test-method is-config="true" signature="setup(java.lang.String,java.lang.String)[pri:0, instance:testCases.TC002_LoginTest@68b32e3e]" started-at="2026-06-13T17:44:15 IST" name="setup" finished-at="2026-06-13T17:44:18 IST" duration-ms="2806" status="PASS">
          <params>
            <param index="0">
              <value>
                <![CDATA[Windows]]>
              </value>
            </param>
            <param index="1">
              <value>
                <![CDATA[chrome]]>
              </value>
            </param>
          </params>
          <reporter-output>
          </reporter-output>
        </test-method> <!-- setup -->
        <test-method signature="verify_login()[pri:0, instance:testCases.TC002_LoginTest@68b32e3e]" started-at="2026-06-13T17:44:18 IST" name="verify_login" finished-at="2026-06-13T17:44:21 IST" duration-ms="2904" status="PASS">
          <reporter-output>
          </reporter-output>
        </test-method> <!-- verify_login -->
        <test-method is-config="true" signature="teardown()[pri:0, instance:testCases.TC002_LoginTest@68b32e3e]" started-at="2026-06-13T17:44:21 IST" name="teardown" finished-at="2026-06-13T17:44:21 IST" duration-ms="491" status="PASS">
          <reporter-output>
          </reporter-output>
        </test-method> <!-- teardown -->
      </class> <!-- testCases.TC002_LoginTest -->
      <class name="testCases.TC005_SearchInvalidProductTest">
        <test-method is-config="true" signature="setup(java.lang.String,java.lang.String)[pri:0, instance:testCases.TC005_SearchInvalidProductTest@41709512]" started-at="2026-06-13T17:44:25 IST" name="setup" finished-at="2026-06-13T17:44:28 IST" duration-ms="3006" status="PASS">
          <params>
            <param index="0">
              <value>
                <![CDATA[Windows]]>
              </value>
            </param>
            <param index="1">
              <value>
                <![CDATA[chrome]]>
              </value>
            </param>
          </params>
          <reporter-output>
          </reporter-output>
        </test-method> <!-- setup -->
        <test-method signature="verify_InvalidSearch()[pri:0, instance:testCases.TC005_SearchInvalidProductTest@41709512]" started-at="2026-06-13T17:44:28 IST" name="verify_InvalidSearch" finished-at="2026-06-13T17:44:29 IST" duration-ms="740" status="PASS">
          <reporter-output>
          </reporter-output>
        </test-method> <!-- verify_InvalidSearch -->
        <test-method is-config="true" signature="teardown()[pri:0, instance:testCases.TC005_SearchInvalidProductTest@41709512]" started-at="2026-06-13T17:44:29 IST" name="teardown" finished-at="2026-06-13T17:44:30 IST" duration-ms="522" status="PASS">
          <reporter-output>
          </reporter-output>
        </test-method> <!-- teardown -->
      </class> <!-- testCases.TC005_SearchInvalidProductTest -->
      <class name="testCases.TC009_AddToWishListTest">
        <test-method is-config="true" signature="setup(java.lang.String,java.lang.String)[pri:0, instance:testCases.TC009_AddToWishListTest@a87f8ec]" started-at="2026-06-13T17:44:48 IST" name="setup" finished-at="2026-06-13T17:44:51 IST" duration-ms="2650" status="PASS">
          <params>
            <param index="0">
              <value>
                <![CDATA[Windows]]>
              </value>
            </param>
            <param index="1">
              <value>
                <![CDATA[chrome]]>
              </value>
            </param>
          </params>
          <reporter-output>
          </reporter-output>
        </test-method> <!-- setup -->
        <test-method signature="verify_AddToWishList()[pri:0, instance:testCases.TC009_AddToWishListTest@a87f8ec]" started-at="2026-06-13T17:44:51 IST" name="verify_AddToWishList" finished-at="2026-06-13T17:44:55 IST" duration-ms="4820" status="PASS">
          <reporter-output>
          </reporter-output>
        </test-method> <!-- verify_AddToWishList -->
        <test-method is-config="true" signature="teardown()[pri:0, instance:testCases.TC009_AddToWishListTest@a87f8ec]" started-at="2026-06-13T17:44:55 IST" name="teardown" finished-at="2026-06-13T17:44:56 IST" duration-ms="494" status="PASS">
          <reporter-output>
          </reporter-output>
        </test-method> <!-- teardown -->
      </class> <!-- testCases.TC009_AddToWishListTest -->
      <class name="testCases.TC007_RemoveFromCartTest">
        <test-method is-config="true" signature="setup(java.lang.String,java.lang.String)[pri:0, instance:testCases.TC007_RemoveFromCartTest@33308786]" started-at="2026-06-13T17:44:35 IST" name="setup" finished-at="2026-06-13T17:44:37 IST" duration-ms="2476" status="PASS">
          <params>
            <param index="0">
              <value>
                <![CDATA[Windows]]>
              </value>
            </param>
            <param index="1">
              <value>
                <![CDATA[chrome]]>
              </value>
            </param>
          </params>
          <reporter-output>
          </reporter-output>
        </test-method> <!-- setup -->
        <test-method signature="verify_RemoveFromCart()[pri:0, instance:testCases.TC007_RemoveFromCartTest@33308786]" started-at="2026-06-13T17:44:37 IST" name="verify_RemoveFromCart" finished-at="2026-06-13T17:44:40 IST" duration-ms="2916" status="PASS">
          <reporter-output>
          </reporter-output>
        </test-method> <!-- verify_RemoveFromCart -->
        <test-method is-config="true" signature="teardown()[pri:0, instance:testCases.TC007_RemoveFromCartTest@33308786]" started-at="2026-06-13T17:44:40 IST" name="teardown" finished-at="2026-06-13T17:44:40 IST" duration-ms="441" status="PASS">
          <reporter-output>
          </reporter-output>
        </test-method> <!-- teardown -->
      </class> <!-- testCases.TC007_RemoveFromCartTest -->
      <class name="testCases.TC008_LogoutTest">
        <test-method is-config="true" signature="setup(java.lang.String,java.lang.String)[pri:0, instance:testCases.TC008_LogoutTest@4f9a2c08]" started-at="2026-06-13T17:44:40 IST" name="setup" finished-at="2026-06-13T17:44:43 IST" duration-ms="2717" status="PASS">
          <params>
            <param index="0">
              <value>
                <![CDATA[Windows]]>
              </value>
            </param>
            <param index="1">
              <value>
                <![CDATA[chrome]]>
              </value>
            </param>
          </params>
          <reporter-output>
          </reporter-output>
        </test-method> <!-- setup -->
        <test-method signature="verify_Logout()[pri:0, instance:testCases.TC008_LogoutTest@4f9a2c08]" started-at="2026-06-13T17:44:43 IST" name="verify_Logout" finished-at="2026-06-13T17:44:47 IST" duration-ms="4277" status="PASS">
          <reporter-output>
          </reporter-output>
        </test-method> <!-- verify_Logout -->
        <test-method is-config="true" signature="teardown()[pri:0, instance:testCases.TC008_LogoutTest@4f9a2c08]" started-at="2026-06-13T17:44:47 IST" name="teardown" finished-at="2026-06-13T17:44:48 IST" duration-ms="449" status="PASS">
          <reporter-output>
          </reporter-output>
        </test-method> <!-- teardown -->
      </class> <!-- testCases.TC008_LogoutTest -->
      <class name="testCases.TC006_AddToCartTest">
        <test-method is-config="true" signature="setup(java.lang.String,java.lang.String)[pri:0, instance:testCases.TC006_AddToCartTest@42039326]" started-at="2026-06-13T17:44:30 IST" name="setup" finished-at="2026-06-13T17:44:32 IST" duration-ms="2384" status="PASS">
          <params>
            <param index="0">
              <value>
                <![CDATA[Windows]]>
              </value>
            </param>
            <param index="1">
              <value>
                <![CDATA[chrome]]>
              </value>
            </param>
          </params>
          <reporter-output>
          </reporter-output>
        </test-method> <!-- setup -->
        <test-method signature="verify_AddToCart()[pri:0, instance:testCases.TC006_AddToCartTest@42039326]" started-at="2026-06-13T17:44:32 IST" name="verify_AddToCart" finished-at="2026-06-13T17:44:34 IST" duration-ms="1942" status="PASS">
          <reporter-output>
          </reporter-output>
        </test-method> <!-- verify_AddToCart -->
        <test-method is-config="true" signature="teardown()[pri:0, instance:testCases.TC006_AddToCartTest@42039326]" started-at="2026-06-13T17:44:34 IST" name="teardown" finished-at="2026-06-13T17:44:35 IST" duration-ms="554" status="PASS">
          <reporter-output>
          </reporter-output>
        </test-method> <!-- teardown -->
      </class> <!-- testCases.TC006_AddToCartTest -->
      <class name="testCases.TC001_AccountRegistrationTest">
        <test-method is-config="true" signature="setup(java.lang.String,java.lang.String)[pri:0, instance:testCases.TC001_AccountRegistrationTest@6bca7e0d]" started-at="2026-06-13T17:44:06 IST" name="setup" finished-at="2026-06-13T17:44:10 IST" duration-ms="4384" status="PASS">
          <params>
            <param index="0">
              <value>
                <![CDATA[Windows]]>
              </value>
            </param>
            <param index="1">
              <value>
                <![CDATA[chrome]]>
              </value>
            </param>
          </params>
          <reporter-output>
          </reporter-output>
        </test-method> <!-- setup -->
        <test-method signature="verify_account_registration()[pri:0, instance:testCases.TC001_AccountRegistrationTest@6bca7e0d]" started-at="2026-06-13T17:44:10 IST" name="verify_account_registration" finished-at="2026-06-13T17:44:15 IST" duration-ms="4658" status="PASS">
          <reporter-output>
          </reporter-output>
        </test-method> <!-- verify_account_registration -->
        <test-method is-config="true" signature="teardown()[pri:0, instance:testCases.TC001_AccountRegistrationTest@6bca7e0d]" started-at="2026-06-13T17:44:15 IST" name="teardown" finished-at="2026-06-13T17:44:15 IST" duration-ms="480" status="PASS">
          <reporter-output>
          </reporter-output>
        </test-method> <!-- teardown -->
      </class> <!-- testCases.TC001_AccountRegistrationTest -->
    </test> <!-- Master Test -->
  </suite> <!-- Suite -->
</testng-results>
