<?xml version="1.0" encoding="UTF-8"?>
<!-- Generated by org.testng.reporters.JUnitReportReporter -->
<testsuite hostname="Narendra" failures="0" tests="5" name="testCases.TC003_LoginDDT" time="50.443" errors="0" timestamp="2026-06-02T14:52:49 IST" skipped="0">
  <testcase classname="testCases.TC003_LoginDDT" name="verify_loginDDT" time="13.914"/>
  <testcase classname="testCases.TC003_LoginDDT" name="verify_loginDDT" time="13.888"/>
  <testcase classname="testCases.TC003_LoginDDT" name="verify_loginDDT" time="4.085"/>
  <testcase classname="testCases.TC003_LoginDDT" name="verify_loginDDT" time="4.770"/>
  <testcase classname="testCases.TC003_LoginDDT" name="verify_loginDDT" time="13.786"/>
</testsuite> <!-- testCases.TC003_LoginDDT -->
